<?xml version="1.0" encoding="UTF-8"?>
<!-- Generated by org.testng.reporters.JUnitXMLReporter -->
<testsuite hostname="LAPTOP-5Q57C8NI" ignored="1" name="Test" tests="4" failures="0" timestamp="20 Jun 2020 18:02:30 GMT" time="43.327" errors="0">
  <testcase name="dragSlider" time="11.914" classname="getMethods.CallSearchProducts"/>
  <testcase name="performSorting" time="12.884" classname="getMethods.CallSearchProducts"/>
  <testcase name="openPDP" time="0.249" classname="getMethods.CallSearchProducts"/>
  <testcase name="calculateEMICost" time="6.65" classname="getMethods.CallSearchProducts"/>
  <testcase name="shareProduct" time="0.0" classname="getMethods.CallSearchProducts">
    <ignored/>
  </testcase> <!-- shareProduct -->
</testsuite> <!-- Test -->
